Building DAG of jobs...
Using shell: /usr/local/bin/bash
Provided cores: 1 (use --cores to define parallelism)
Rules claiming more threads will be scaled down.
Job stats:
job                   count    min threads    max threads
------------------  -------  -------------  -------------
all                       1              1              1
wrangling_ema_data        1              1              1
total                     2              1              1

Select jobs to execute...

[Thu Jun 15 09:25:09 2023]
rule wrangling_ema_data:
    input: data/prep/ema/ema_data_1.RDS
    output: data/prep/ema/ema_data_2.RDS
    log: logs/wangling_ema_data.log
    jobid: 1
    reason: Missing output files: data/prep/ema/ema_data_2.RDS
    resources: tmpdir=/var/folders/hl/dt523djx7_q7xjrthzjpdvc40000gn/T

[Thu Jun 15 09:25:13 2023]
Finished job 1.
1 of 2 steps (50%) done
Select jobs to execute...

[Thu Jun 15 09:25:13 2023]
localrule all:
    input: data/prep/ema/ema_data_2.RDS
    jobid: 0
    reason: Input files updated by another job: data/prep/ema/ema_data_2.RDS
    resources: tmpdir=/var/folders/hl/dt523djx7_q7xjrthzjpdvc40000gn/T

[Thu Jun 15 09:25:13 2023]
Finished job 0.
2 of 2 steps (100%) done
Complete log: .snakemake/log/2023-06-15T092509.828830.snakemake.log
