Multiple includes of /Users/corrado/_repositories/ema_scs_piel/workflows/rules/closing_messages.smk ignored
Building DAG of jobs...
Using shell: /usr/local/bin/bash
Provided cores: 1 (use --cores to define parallelism)
Rules claiming more threads will be scaled down.
Job stats:
job                      count    min threads    max threads
---------------------  -------  -------------  -------------
all                          1              1              1
scoring_rosenberg            1              1              1
select_cols_rosenberg        1              1              1
total                        3              1              1

Select jobs to execute...

[Thu Jun 22 06:32:54 2023]
rule select_cols_rosenberg:
    input: data/prep/quest_scales/quest_ema_1_prep.csv
    output: data/prep/quest_scales/rosenberg_items.csv
    log: logs/select_cols_rosenberg.log
    jobid: 13
    reason: Code has changed since last execution
    resources: tmpdir=/var/folders/hl/dt523djx7_q7xjrthzjpdvc40000gn/T

[Thu Jun 22 06:32:55 2023]
Error in rule select_cols_rosenberg:
    jobid: 13
    input: data/prep/quest_scales/quest_ema_1_prep.csv
    output: data/prep/quest_scales/rosenberg_items.csv
    log: logs/select_cols_rosenberg.log (check log file(s) for error details)

Shutting down, this might take some time.
Exiting because a job execution failed. Look above for error message
Complete log: .snakemake/log/2023-06-22T063253.915710.snakemake.log
