Multiple includes of /Users/corrado/_repositories/ema_scs_piel/workflows/rules/closing_messages.smk ignored
Building DAG of jobs...
Using shell: /usr/local/bin/bash
Provided cores: 1 (use --cores to define parallelism)
Rules claiming more threads will be scaled down.
Job stats:
job                      count    min threads    max threads
---------------------  -------  -------------  -------------
all                          1              1              1
scoring_neoffi60neuro        1              1              1
total                        2              1              1

Select jobs to execute...

[Thu Jun 22 06:25:23 2023]
rule scoring_neoffi60neuro:
    input: data/prep/quest_scales/neoffi60_neuro_items.csv
    output: data/prep/quest_scales/neoffi60_neuro_scores.csv
    log: logs/scoring_neoffi60neuro.log
    jobid: 10
    reason: Missing output files: data/prep/quest_scales/neoffi60_neuro_scores.csv
    resources: tmpdir=/var/folders/hl/dt523djx7_q7xjrthzjpdvc40000gn/T

[Thu Jun 22 06:25:26 2023]
Finished job 10.
1 of 2 steps (50%) done
Select jobs to execute...

[Thu Jun 22 06:25:26 2023]
localrule all:
    input: data/prep/ema/ema_data_2.RDS, data/prep/quest_scales/quest_ema_1_prep.csv, data/prep/quest_scales/quest_ema_2_prep.csv, data/prep/quest_scales/nates_scores.csv, data/prep/quest_scales/dass21_scores.csv, data/prep/quest_scales/ders_scores.csv, data/prep/quest_scales/neoffi60_neuro_scores.csv
    jobid: 0
    reason: Input files updated by another job: data/prep/quest_scales/neoffi60_neuro_scores.csv
    resources: tmpdir=/var/folders/hl/dt523djx7_q7xjrthzjpdvc40000gn/T

[Thu Jun 22 06:25:26 2023]
Finished job 0.
2 of 2 steps (100%) done
Complete log: .snakemake/log/2023-06-22T062523.695127.snakemake.log
