Building DAG of jobs...
Using shell: /usr/local/bin/bash
Provided cores: 1 (use --cores to define parallelism)
Rules claiming more threads will be scaled down.
Job stats:
job                   count    min threads    max threads
------------------  -------  -------------  -------------
all                       1              1              1
read_ema_data             1              1              1
wrangling_ema_data        1              1              1
total                     3              1              1

Select jobs to execute...

[Sun Jun 18 08:48:02 2023]
rule read_ema_data:
    input: data/raw/piel2022
    output: data/prep/ema/ema_data_1.RDS
    log: logs/read_data.log
    jobid: 2
    reason: Code has changed since last execution
    resources: tmpdir=/var/folders/hl/dt523djx7_q7xjrthzjpdvc40000gn/T

[Sun Jun 18 08:48:37 2023]
Finished job 2.
1 of 3 steps (33%) done
Select jobs to execute...

[Sun Jun 18 08:48:37 2023]
rule wrangling_ema_data:
    input: data/prep/ema/ema_data_1.RDS
    output: data/prep/ema/ema_data_2.RDS
    log: logs/wangling_ema_data.log
    jobid: 1
    reason: Input files updated by another job: data/prep/ema/ema_data_1.RDS
    resources: tmpdir=/var/folders/hl/dt523djx7_q7xjrthzjpdvc40000gn/T

[Sun Jun 18 08:48:40 2023]
Finished job 1.
2 of 3 steps (67%) done
Select jobs to execute...

[Sun Jun 18 08:48:40 2023]
localrule all:
    input: data/prep/ema/ema_data_2.RDS
    jobid: 0
    reason: Input files updated by another job: data/prep/ema/ema_data_2.RDS
    resources: tmpdir=/var/folders/hl/dt523djx7_q7xjrthzjpdvc40000gn/T

[Sun Jun 18 08:48:40 2023]
Finished job 0.
3 of 3 steps (100%) done
Complete log: .snakemake/log/2023-06-18T084801.957501.snakemake.log
