Building DAG of jobs...
Using shell: /usr/local/bin/bash
Provided cores: 1 (use --cores to define parallelism)
Rules claiming more threads will be scaled down.
Job stats:
job              count    min threads    max threads
-------------  -------  -------------  -------------
all                  1              1              1
read_ema_data        1              1              1
total                2              1              1

Select jobs to execute...

[Thu Jun 15 04:55:27 2023]
rule read_ema_data:
    input: data/raw/piel2022
    output: data/prep/ema/ema_data_1.RDS
    log: logs/read_data.log
    jobid: 1
    reason: Code has changed since last execution
    resources: tmpdir=/var/folders/hl/dt523djx7_q7xjrthzjpdvc40000gn/T

[Thu Jun 15 04:56:03 2023]
Finished job 1.
1 of 2 steps (50%) done
Select jobs to execute...

[Thu Jun 15 04:56:03 2023]
localrule all:
    input: data/prep/ema/ema_data_1.RDS
    jobid: 0
    reason: Input files updated by another job: data/prep/ema/ema_data_1.RDS
    resources: tmpdir=/var/folders/hl/dt523djx7_q7xjrthzjpdvc40000gn/T

[Thu Jun 15 04:56:03 2023]
Finished job 0.
2 of 2 steps (100%) done
Complete log: .snakemake/log/2023-06-15T045527.073203.snakemake.log
