Multiple includes of /Users/corrado/_repositories/ema_scs_piel/workflows/rules/closing_messages.smk ignored
Building DAG of jobs...
Using shell: /usr/local/bin/bash
Provided cores: 1 (use --cores to define parallelism)
Rules claiming more threads will be scaled down.
Job stats:
job                 count    min threads    max threads
----------------  -------  -------------  -------------
all                     1              1              1
scoring_rscs            1              1              1
select_cols_rscs        1              1              1
total                   3              1              1

Select jobs to execute...

[Thu Jun 22 07:12:03 2023]
rule select_cols_rscs:
    input: data/prep/quest_scales/quest_ema_1_prep.csv
    output: data/prep/quest_scales/rscs_items.csv
    log: logs/select_cols_rscs.log
    jobid: 15
    reason: Missing output files: data/prep/quest_scales/rscs_items.csv
    resources: tmpdir=/var/folders/hl/dt523djx7_q7xjrthzjpdvc40000gn/T

[Thu Jun 22 07:12:04 2023]
Finished job 15.
1 of 3 steps (33%) done
Select jobs to execute...

[Thu Jun 22 07:12:04 2023]
rule scoring_rscs:
    input: data/prep/quest_scales/rscs_items.csv
    output: data/prep/quest_scales/rscs_scores.csv
    log: logs/scoring_rscs.log
    jobid: 14
    reason: Missing output files: data/prep/quest_scales/rscs_scores.csv; Input files updated by another job: data/prep/quest_scales/rscs_items.csv
    resources: tmpdir=/var/folders/hl/dt523djx7_q7xjrthzjpdvc40000gn/T

[Thu Jun 22 07:12:06 2023]
Error in rule scoring_rscs:
    jobid: 14
    input: data/prep/quest_scales/rscs_items.csv
    output: data/prep/quest_scales/rscs_scores.csv
    log: logs/scoring_rscs.log (check log file(s) for error details)

Shutting down, this might take some time.
Exiting because a job execution failed. Look above for error message
Complete log: .snakemake/log/2023-06-22T071202.990096.snakemake.log
