Multiple includes of /Users/corrado/_repositories/ema_scs_piel/workflows/rules/closing_messages.smk ignored
Building DAG of jobs...
Using shell: /usr/local/bin/bash
Provided cores: 1 (use --cores to define parallelism)
Rules claiming more threads will be scaled down.
Job stats:
job                count    min threads    max threads
---------------  -------  -------------  -------------
all                    1              1              1
scoring_scs            1              1              1
select_cols_scs        1              1              1
total                  3              1              1

Select jobs to execute...

[Thu Jun 22 07:30:11 2023]
rule select_cols_scs:
    input: data/prep/quest_scales/quest_ema_1_prep.csv
    output: data/prep/quest_scales/scs_items.csv
    log: logs/select_cols_scs.log
    jobid: 19
    reason: Code has changed since last execution
    resources: tmpdir=/var/folders/hl/dt523djx7_q7xjrthzjpdvc40000gn/T

[Thu Jun 22 07:30:12 2023]
Finished job 19.
1 of 3 steps (33%) done
Select jobs to execute...

[Thu Jun 22 07:30:12 2023]
rule scoring_scs:
    input: data/prep/quest_scales/scs_items.csv
    output: data/prep/quest_scales/scs_scores.csv
    log: logs/scoring_scs.log
    jobid: 18
    reason: Missing output files: data/prep/quest_scales/scs_scores.csv; Input files updated by another job: data/prep/quest_scales/scs_items.csv
    resources: tmpdir=/var/folders/hl/dt523djx7_q7xjrthzjpdvc40000gn/T

[Thu Jun 22 07:30:15 2023]
Error in rule scoring_scs:
    jobid: 18
    input: data/prep/quest_scales/scs_items.csv
    output: data/prep/quest_scales/scs_scores.csv
    log: logs/scoring_scs.log (check log file(s) for error details)

Shutting down, this might take some time.
Exiting because a job execution failed. Look above for error message
Complete log: .snakemake/log/2023-06-22T073011.260149.snakemake.log
