Multiple includes of /Users/corrado/_repositories/ema_scs_piel/workflows/rules/closing_messages.smk ignored
Building DAG of jobs...
Using shell: /usr/local/bin/bash
Provided cores: 1 (use --cores to define parallelism)
Rules claiming more threads will be scaled down.
Job stats:
job                   count    min threads    max threads
------------------  -------  -------------  -------------
all                       1              1              1
scoring_dass21            1              1              1
scoring_nates             1              1              1
select_cols_dass21        1              1              1
select_cols_nates         1              1              1
total                     5              1              1

Select jobs to execute...

[Thu Jun 22 05:47:41 2023]
rule select_cols_dass21:
    input: data/prep/quest_scales/quest_ema_1_prep.csv
    output: data/prep/quest_scales/dass21_items.csv
    log: logs/select_cols_dass21.log
    jobid: 7
    reason: Code has changed since last execution
    resources: tmpdir=/var/folders/hl/dt523djx7_q7xjrthzjpdvc40000gn/T

[Thu Jun 22 05:47:43 2023]
Finished job 7.
1 of 5 steps (20%) done
Select jobs to execute...

[Thu Jun 22 05:47:43 2023]
rule scoring_dass21:
    input: data/prep/quest_scales/dass21_items.csv
    output: data/prep/quest_scales/dass21_scores.csv
    log: logs/scoring_dass21.log
    jobid: 6
    reason: Input files updated by another job: data/prep/quest_scales/dass21_items.csv
    resources: tmpdir=/var/folders/hl/dt523djx7_q7xjrthzjpdvc40000gn/T

[Thu Jun 22 05:47:45 2023]
Finished job 6.
2 of 5 steps (40%) done
Select jobs to execute...

[Thu Jun 22 05:47:45 2023]
rule select_cols_nates:
    input: data/prep/quest_scales/quest_ema_1_prep.csv
    output: data/prep/quest_scales/nates_items.csv
    log: logs/select_cols_nates.log
    jobid: 5
    reason: Code has changed since last execution
    resources: tmpdir=/var/folders/hl/dt523djx7_q7xjrthzjpdvc40000gn/T

[Thu Jun 22 05:47:47 2023]
Finished job 5.
3 of 5 steps (60%) done
Select jobs to execute...

[Thu Jun 22 05:47:47 2023]
rule scoring_nates:
    input: data/prep/quest_scales/nates_items.csv
    output: data/prep/quest_scales/nates_scores.csv
    log: logs/scoring_nates.log
    jobid: 4
    reason: Input files updated by another job: data/prep/quest_scales/nates_items.csv
    resources: tmpdir=/var/folders/hl/dt523djx7_q7xjrthzjpdvc40000gn/T

[Thu Jun 22 05:47:49 2023]
Finished job 4.
4 of 5 steps (80%) done
Select jobs to execute...

[Thu Jun 22 05:47:49 2023]
localrule all:
    input: data/prep/ema/ema_data_2.RDS, data/prep/quest_scales/quest_ema_1_prep.csv, data/prep/quest_scales/quest_ema_2_prep.csv, data/prep/quest_scales/nates_scores.csv, data/prep/quest_scales/dass21_scores.csv
    jobid: 0
    reason: Input files updated by another job: data/prep/quest_scales/nates_scores.csv, data/prep/quest_scales/dass21_scores.csv
    resources: tmpdir=/var/folders/hl/dt523djx7_q7xjrthzjpdvc40000gn/T

[Thu Jun 22 05:47:49 2023]
Finished job 0.
5 of 5 steps (100%) done
Complete log: .snakemake/log/2023-06-22T054740.559509.snakemake.log
